<?xml version="1.0" encoding="UTF-8"?>
<!-- Generated by org.testng.reporters.JUnitXMLReporter -->
<testsuite hostname="IB-Pune-PC-077" ignored="12" tests="0" failures="0" timestamp="25 Apr 2019 10:37:39 GMT" time="0.005" errors="0">
  <testcase name="verifyLogin" time="0.0" classname="com.assignment.tests.Login">
    <ignored/>
  </testcase> <!-- verifyLogin -->
  <testcase name="@BeforeSuite testBedSetup" time="0.0" classname="com.assignment.setup.Setup">
    <ignored/>
  </testcase> <!-- @BeforeSuite testBedSetup -->
  <testcase name="@BeforeSuite testBedSetup" time="0.0" classname="com.assignment.setup.Setup">
    <ignored/>
  </testcase> <!-- @BeforeSuite testBedSetup -->
  <testcase name="@BeforeSuite testBedSetup" time="0.0" classname="com.assignment.setup.Setup">
    <ignored/>
  </testcase> <!-- @BeforeSuite testBedSetup -->
  <testcase name="verifyAddPageLogic" time="0.0" classname="com.assignment.tests.CreateSurvey">
    <ignored/>
  </testcase> <!-- verifyAddPageLogic -->
  <testcase name="verifyEditPageTitle" time="0.0" classname="com.assignment.tests.CreateSurvey">
    <ignored/>
  </testcase> <!-- verifyEditPageTitle -->
  <testcase name="createSurvey" time="0.0" classname="com.assignment.tests.CreateSurvey">
    <ignored/>
  </testcase> <!-- createSurvey -->
  <testcase name="verifyEditTitle" time="0.0" classname="com.assignment.tests.CreateSurvey">
    <ignored/>
  </testcase> <!-- verifyEditTitle -->
  <testcase name="verifyLogout" time="0.0" classname="com.assignment.tests.Logout">
    <ignored/>
  </testcase> <!-- verifyLogout -->
  <testcase name="@AfterSuite testBedTearDown" time="0.0" classname="com.assignment.setup.Setup">
    <ignored/>
  </testcase> <!-- @AfterSuite testBedTearDown -->
  <testcase name="@AfterSuite testBedTearDown" time="0.0" classname="com.assignment.setup.Setup">
    <ignored/>
  </testcase> <!-- @AfterSuite testBedTearDown -->
  <testcase name="@AfterSuite testBedTearDown" time="0.0" classname="com.assignment.setup.Setup">
    <ignored/>
  </testcase> <!-- @AfterSuite testBedTearDown -->
</testsuite>
